{
  "RSpec": {
    "coverage": {
      "/home/tokumura/github/showtime/app/models/genre.rb": [
        1,
        1,
        null
      ],
      "/home/tokumura/github/showtime/app/models/movie.rb": [
        1,
        1,
        null,
        1,
        3,
        null,
        null,
        null,
        1,
        3,
        null,
        null,
        1,
        null,
        3,
        3,
        null,
        null,
        null
      ],
      "/home/tokumura/github/showtime/app/models/review.rb": [
        1,
        1,
        null
      ],
      "/home/tokumura/github/showtime/app/controllers/application_controller.rb": [
        1,
        1,
        null
      ],
      "/home/tokumura/github/showtime/app/helpers/application_helper.rb": [
        1,
        null
      ],
      "/home/tokumura/github/showtime/app/helpers/genres_helper.rb": [
        1,
        null
      ],
      "/home/tokumura/github/showtime/app/helpers/movies_helper.rb": [
        1,
        null
      ],
      "/home/tokumura/github/showtime/app/helpers/reviews_helper.rb": [
        1,
        null
      ],
      "/home/tokumura/github/showtime/app/controllers/genres_controller.rb": [
        1,
        1,
        1,
        1,
        1,
        1,
        null,
        null,
        null,
        1,
        1,
        null,
        null,
        null,
        1,
        1,
        1,
        null,
        null,
        null,
        1,
        1,
        1,
        1,
        1,
        null,
        null,
        null,
        1,
        1,
        1,
        1,
        2,
        1,
        null,
        0,
        0,
        null,
        null,
        null,
        null
      ],
      "/home/tokumura/github/showtime/app/controllers/movies_controller.rb": [
        null,
        null,
        1,
        null,
        1,
        1,
        1,
        1,
        1,
        null,
        null,
        null,
        1,
        1,
        1,
        1,
        1,
        null,
        null,
        null,
        1,
        1,
        1,
        null,
        1,
        null,
        1,
        1,
        12,
        null,
        null,
        1,
        1,
        31,
        null,
        null,
        1,
        1,
        24,
        null,
        null,
        1,
        null,
        1,
        1,
        1,
        null,
        null,
        null,
        1,
        1,
        null,
        null,
        null,
        null,
        null,
        null,
        null,
        null,
        1,
        1,
        2,
        1,
        null,
        0,
        0,
        null,
        null,
        null,
        null,
        null,
        null,
        null
      ],
      "/home/tokumura/github/showtime/app/controllers/reviews_controller.rb": [
        1,
        null,
        1,
        1,
        1,
        1,
        2,
        null,
        1,
        1,
        1,
        null,
        null,
        null,
        null
      ]
    },
    "timestamp": 1337735317
  }
}
